<?xml version="1.0" encoding="UTF-8"?>
<!-- Generated by org.testng.reporters.JUnitReportReporter -->
<testsuite hostname="WLA20FXJ" failures="0" tests="6" name="com.joeflood.qa.testcases.SubmissionPageTest" time="192.494" errors="0" timestamp="2022-02-09T23:05:13 IST" skipped="3">
  <testcase classname="com.joeflood.qa.testcases.SubmissionPageTest" name="CreateSubmissionTest" time="77.189"/>
  <testcase classname="com.joeflood.qa.testcases.SubmissionPageTest" name="GetQuoteTest" time="87.708"/>
  <testcase classname="com.joeflood.qa.testcases.SubmissionPageTest" name="QuoteDownloadTest" time="27.597"/>
  <testcase classname="com.joeflood.qa.testcases.SubmissionPageTest" name="UsersPageTitleTest">
    <skipped/>
  </testcase> <!-- UsersPageTitleTest -->
  <testcase classname="com.joeflood.qa.testcases.SubmissionPageTest" name="EditSubmissionFormTest">
    <skipped/>
  </testcase> <!-- EditSubmissionFormTest -->
  <testcase classname="com.joeflood.qa.testcases.SubmissionPageTest" name="DeleteSubmissionFormTest">
    <skipped/>
  </testcase> <!-- DeleteSubmissionFormTest -->
</testsuite> <!-- com.joeflood.qa.testcases.SubmissionPageTest -->
