<?xml version="1.0" encoding="UTF-8"?>
<!-- Generated by org.testng.reporters.JUnitReportReporter -->
<testsuite hostname="WLA20FXJ" failures="0" tests="2" name="com.joeflood.qa.testcases.LoginPageTest" time="17.523" errors="0" timestamp="2022-02-09T20:03:38 IST" skipped="1">
  <testcase classname="com.joeflood.qa.testcases.LoginPageTest" name="loginTest" time="17.523"/>
  <testcase classname="com.joeflood.qa.testcases.LoginPageTest" name="forgotPasswordTest">
    <skipped/>
  </testcase> <!-- forgotPasswordTest -->
</testsuite> <!-- com.joeflood.qa.testcases.LoginPageTest -->
