<?xml version="1.0" encoding="UTF-8"?>
<!-- Generated by org.testng.reporters.JUnitReportReporter -->
<testsuite hostname="WLA20FXJ" failures="0" tests="1" name="com.joeflood.qa.testcases.HomePageTest" time="17.207" errors="0" timestamp="2022-02-09T20:03:38 IST" skipped="0">
  <testcase classname="com.joeflood.qa.testcases.HomePageTest" name="verifyHomePageTitleTest" time="17.207"/>
</testsuite> <!-- com.joeflood.qa.testcases.HomePageTest -->
