<?xml version="1.0" encoding="UTF-8"?>
<!-- Generated by org.testng.reporters.JUnitReportReporter -->
<testsuite hostname="WLA20FXJ" failures="0" tests="2" name="com.joeflood.qa.testcases.ExtentReportScreenshotTest" time="16.952" errors="0" timestamp="2022-01-27T19:14:17 IST" skipped="0">
  <testcase classname="com.joeflood.qa.testcases.ExtentReportScreenshotTest" name="loginPageTitleTest" time="8.476"/>
  <testcase classname="com.joeflood.qa.testcases.ExtentReportScreenshotTest" name="crmLogoImageTest" time="8.476"/>
</testsuite> <!-- com.joeflood.qa.testcases.ExtentReportScreenshotTest -->
