<?xml version="1.0" encoding="UTF-8"?>
<!-- Generated by org.testng.reporters.JUnitReportReporter -->
<testsuite hostname="WLA20FXJ" failures="0" tests="2" name="com.joeflood.qa.testcases.LoginPageTest" time="12.092" errors="0" timestamp="2022-01-27T19:14:17 IST" skipped="1">
  <testcase classname="com.joeflood.qa.testcases.LoginPageTest" name="loginTest" time="12.092"/>
  <testcase classname="com.joeflood.qa.testcases.LoginPageTest" name="forgotPasswordTest">
    <skipped/>
  </testcase> <!-- forgotPasswordTest -->
</testsuite> <!-- com.joeflood.qa.testcases.LoginPageTest -->
