<?xml version="1.0" encoding="UTF-8"?>
<!-- Generated by org.testng.reporters.JUnitReportReporter -->
<testsuite hostname="WLA20FXJ" failures="0" tests="1" name="com.joeflood.qa.testcases.HomePageTest" time="9.905" errors="0" timestamp="2022-01-27T19:14:17 IST" skipped="0">
  <testcase classname="com.joeflood.qa.testcases.HomePageTest" name="verifyHomePageTitleTest" time="9.905"/>
</testsuite> <!-- com.joeflood.qa.testcases.HomePageTest -->
