<?xml version="1.0" encoding="UTF-8"?>
<!-- Generated by org.testng.reporters.JUnitReportReporter -->
<testsuite hostname="WLA20FXJ" failures="0" tests="2" name="com.joeflood.qa.testcases.MyAccountPageTest" time="17.353" errors="0" timestamp="2022-01-27T19:14:17 IST" skipped="1">
  <testcase classname="com.joeflood.qa.testcases.MyAccountPageTest" name="changePassword" time="17.353"/>
  <testcase classname="com.joeflood.qa.testcases.MyAccountPageTest" name="verifyAccountsPageTitleTest">
    <skipped/>
  </testcase> <!-- verifyAccountsPageTitleTest -->
</testsuite> <!-- com.joeflood.qa.testcases.MyAccountPageTest -->
